TN:
SF:controllers\articleController.js
FN:9,generateExcerpt
FN:32,(anonymous_1)
FN:55,(anonymous_2)
FN:78,(anonymous_3)
FN:112,(anonymous_4)
FN:136,(anonymous_5)
FN:161,(anonymous_6)
FN:174,(anonymous_7)
FN:187,(anonymous_8)
FN:194,(anonymous_9)
FN:195,(anonymous_10)
FN:207,(anonymous_11)
FN:231,(anonymous_12)
FN:253,(anonymous_13)
FNF:14
FNH:13
FNDA:4,generateExcerpt
FNDA:2,(anonymous_1)
FNDA:0,(anonymous_2)
FNDA:2,(anonymous_3)
FNDA:1,(anonymous_4)
FNDA:2,(anonymous_5)
FNDA:2,(anonymous_6)
FNDA:2,(anonymous_7)
FNDA:2,(anonymous_8)
FNDA:1,(anonymous_9)
FNDA:1,(anonymous_10)
FNDA:3,(anonymous_11)
FNDA:3,(anonymous_12)
FNDA:1,(anonymous_13)
DA:2,1
DA:3,1
DA:10,4
DA:13,4
DA:21,4
DA:22,4
DA:24,0
DA:27,1
DA:33,2
DA:34,2
DA:37,2
DA:45,1
DA:47,1
DA:56,0
DA:57,0
DA:58,0
DA:60,0
DA:61,0
DA:65,0
DA:67,0
DA:69,0
DA:70,0
DA:79,2
DA:80,2
DA:81,2
DA:83,2
DA:84,1
DA:87,1
DA:96,1
DA:97,1
DA:103,0
DA:104,0
DA:113,1
DA:114,1
DA:115,1
DA:117,1
DA:118,1
DA:120,1
DA:122,1
DA:127,0
DA:128,0
DA:137,2
DA:138,2
DA:139,2
DA:141,2
DA:142,1
DA:145,1
DA:147,1
DA:152,0
DA:153,0
DA:162,2
DA:163,2
DA:164,1
DA:166,1
DA:175,2
DA:176,2
DA:177,1
DA:179,1
DA:188,2
DA:189,2
DA:190,1
DA:191,1
DA:194,1
DA:195,1
DA:199,1
DA:208,3
DA:209,3
DA:211,3
DA:213,3
DA:214,1
DA:216,1
DA:218,2
DA:220,2
DA:221,1
DA:223,1
DA:232,3
DA:233,3
DA:235,3
DA:236,3
DA:237,1
DA:239,1
DA:241,2
DA:242,2
DA:243,1
DA:245,1
DA:254,1
DA:255,1
DA:256,1
DA:258,0
DA:259,0
DA:265,1
LF:91
LH:73
BRDA:9,0,0,4
BRDA:10,1,0,0
BRDA:10,1,1,4
BRDA:21,2,0,4
BRDA:21,2,1,0
BRDA:34,3,0,1
BRDA:34,4,0,1
BRDA:60,5,0,0
BRDA:60,5,1,0
BRDA:83,6,0,1
BRDA:83,6,1,1
BRDA:83,7,0,2
BRDA:83,7,1,1
BRDA:91,8,0,1
BRDA:91,8,1,0
BRDA:92,9,0,1
BRDA:92,9,1,0
BRDA:141,10,0,1
BRDA:141,10,1,1
BRDA:209,11,0,0
BRDA:209,11,1,3
BRDA:220,12,0,1
BRDA:220,12,1,1
BRDA:233,13,0,0
BRDA:233,13,1,3
BRDA:242,14,0,1
BRDA:242,14,1,1
BRF:27
BRH:19
end_of_record
TN:
SF:controllers\commentController.js
FN:7,(anonymous_0)
FN:27,(anonymous_1)
FN:41,(anonymous_2)
FN:53,(anonymous_3)
FNF:4
FNH:3
FNDA:2,(anonymous_0)
FNDA:1,(anonymous_1)
FNDA:0,(anonymous_2)
FNDA:2,(anonymous_3)
DA:2,1
DA:7,1
DA:8,2
DA:9,2
DA:10,2
DA:12,2
DA:13,1
DA:16,1
DA:17,1
DA:19,0
DA:20,0
DA:27,1
DA:28,1
DA:29,1
DA:31,1
DA:32,1
DA:34,0
DA:41,1
DA:42,0
DA:43,0
DA:44,0
DA:46,0
DA:53,1
DA:54,2
DA:55,2
DA:57,2
DA:60,2
DA:61,1
DA:66,1
DA:72,0
DA:73,0
LF:31
LH:22
BRDA:12,0,0,1
BRDA:12,0,1,1
BRDA:12,1,0,2
BRDA:12,1,1,1
BRDA:60,2,0,1
BRDA:60,2,1,1
BRDA:60,3,0,2
BRDA:60,3,1,2
BRF:8
BRH:8
end_of_record
TN:
SF:controllers\userController.js
FN:9,(anonymous_0)
FN:29,(anonymous_1)
FNF:2
FNH:2
FNDA:1,(anonymous_0)
FNDA:2,(anonymous_1)
DA:2,1
DA:4,1
DA:10,1
DA:11,1
DA:12,1
DA:17,0
DA:18,0
DA:30,2
DA:32,2
DA:35,2
DA:36,1
DA:43,1
DA:49,1
DA:54,0
DA:55,0
DA:63,1
LF:16
LH:12
BRDA:35,0,0,1
BRDA:35,0,1,1
BRDA:45,1,0,1
BRDA:45,1,1,0
BRDA:46,2,0,1
BRDA:46,2,1,1
BRF:6
BRH:5
end_of_record
TN:
SF:models\Article.js
FN:9,(anonymous_0)
FN:58,(anonymous_1)
FN:71,(anonymous_2)
FN:88,(anonymous_3)
FN:88,(anonymous_4)
FN:90,(anonymous_5)
FN:103,(anonymous_6)
FN:124,(anonymous_7)
FN:136,(anonymous_8)
FN:154,(anonymous_9)
FN:172,(anonymous_10)
FN:177,(anonymous_11)
FN:179,(anonymous_12)
FN:186,(anonymous_13)
FN:196,(anonymous_14)
FN:201,(anonymous_15)
FN:202,(anonymous_16)
FN:210,(anonymous_17)
FN:216,(anonymous_18)
FN:216,(anonymous_19)
FN:219,(anonymous_20)
FN:226,(anonymous_21)
FNF:22
FNH:22
FNDA:6,(anonymous_0)
FNDA:6,(anonymous_1)
FNDA:44,(anonymous_2)
FNDA:15,(anonymous_3)
FNDA:15,(anonymous_4)
FNDA:15,(anonymous_5)
FNDA:2,(anonymous_6)
FNDA:2,(anonymous_7)
FNDA:2,(anonymous_8)
FNDA:2,(anonymous_9)
FNDA:2,(anonymous_10)
FNDA:2,(anonymous_11)
FNDA:3,(anonymous_12)
FNDA:2,(anonymous_13)
FNDA:1,(anonymous_14)
FNDA:4,(anonymous_15)
FNDA:5,(anonymous_16)
FNDA:5,(anonymous_17)
FNDA:2,(anonymous_18)
FNDA:2,(anonymous_19)
FNDA:2,(anonymous_20)
FNDA:2,(anonymous_21)
DA:2,3
DA:10,6
DA:11,6
DA:12,6
DA:13,6
DA:15,6
DA:16,1
DA:17,1
DA:18,1
DA:21,6
DA:22,1
DA:23,1
DA:24,1
DA:27,6
DA:28,1
DA:29,1
DA:30,1
DA:31,1
DA:34,6
DA:36,6
DA:38,6
DA:40,5
DA:42,5
DA:43,5
DA:45,5
DA:50,1
DA:51,1
DA:59,6
DA:60,6
DA:61,5
DA:63,1
DA:64,1
DA:72,44
DA:74,44
DA:78,43
DA:87,43
DA:88,15
DA:89,13
DA:90,15
DA:93,43
DA:95,1
DA:96,1
DA:104,2
DA:105,2
DA:111,1
DA:113,1
DA:114,1
DA:116,1
DA:117,1
DA:125,2
DA:126,2
DA:127,1
DA:129,1
DA:137,2
DA:139,2
DA:140,2
DA:143,1
DA:144,1
DA:146,1
DA:147,1
DA:155,2
DA:157,2
DA:162,1
DA:164,1
DA:165,1
DA:173,2
DA:174,2
DA:175,1
DA:177,1
DA:178,2
DA:179,2
DA:180,3
DA:181,3
DA:186,2
DA:188,1
DA:189,1
DA:198,1
DA:199,1
DA:200,1
DA:201,4
DA:202,5
DA:211,5
DA:213,3
DA:215,5
DA:216,2
DA:218,2
DA:219,2
DA:227,2
DA:231,3
LF:89
LH:89
BRDA:9,0,0,2
BRDA:9,1,0,5
BRDA:9,2,0,5
BRDA:9,3,0,5
BRDA:9,4,0,5
BRDA:9,5,0,5
BRDA:15,6,0,1
BRDA:15,6,1,5
BRDA:21,7,0,1
BRDA:21,7,1,5
BRDA:27,8,0,1
BRDA:27,8,1,5
BRDA:47,9,0,5
BRDA:47,9,1,0
BRDA:81,10,0,43
BRDA:81,10,1,43
BRDA:82,11,0,43
BRDA:82,11,1,29
BRDA:83,12,0,43
BRDA:83,12,1,30
BRDA:87,13,0,13
BRDA:87,13,1,30
BRDA:178,14,0,2
BRDA:178,14,1,0
BRDA:181,15,0,3
BRDA:181,15,1,0
BRDA:181,16,0,3
BRDA:181,16,1,2
BRDA:211,17,0,3
BRDA:211,17,1,2
BRDA:215,18,0,2
BRDA:215,18,1,3
BRF:32
BRH:29
end_of_record
TN:
SF:models\Comment.js
FN:9,(anonymous_0)
FN:21,(anonymous_1)
FN:27,(anonymous_2)
FN:50,(anonymous_3)
FNF:4
FNH:4
FNDA:6,(anonymous_0)
FNDA:2,(anonymous_1)
FNDA:2,(anonymous_2)
FNDA:2,(anonymous_3)
DA:2,2
DA:10,6
DA:14,5
DA:22,2
DA:28,2
DA:37,2
DA:39,2
DA:41,1
DA:42,1
DA:51,2
DA:52,1
DA:56,2
LF:12
LH:12
BRF:0
BRH:0
end_of_record
TN:
SF:models\User.js
FN:9,(anonymous_0)
FN:32,(anonymous_1)
FNF:2
FNH:2
FNDA:3,(anonymous_0)
FNDA:2,(anonymous_1)
DA:2,2
DA:10,3
DA:11,3
DA:12,2
DA:15,2
DA:22,1
DA:23,1
DA:33,2
DA:35,2
DA:41,1
DA:46,1
DA:48,1
DA:49,1
DA:54,2
LF:14
LH:14
BRDA:15,0,0,2
BRDA:15,0,1,1
BRF:2
BRH:2
end_of_record
